#
# There is insufficient memory for the Java Runtime Environment to continue.
# Native memory allocation (mmap) failed to map 268435456 bytes for G1 virtual space
# Possible reasons:
#   The system is out of physical RAM or swap space
#   The process is running with CompressedOops enabled, and the Java Heap may be blocking the growth of the native heap
# Possible solutions:
#   Reduce memory load on the system
#   Increase physical memory or swap space
#   Check if swap backing store is full
#   Decrease Java heap size (-Xmx/-Xms)
#   Decrease number of Java threads
#   Decrease Java thread stack sizes (-Xss)
#   Set larger code cache with -XX:ReservedCodeCacheSize=
#   JVM is running with Zero Based Compressed Oops mode in which the Java heap is
#     placed in the first 32GB address space. The Java Heap base address is the
#     maximum limit for the native heap growth. Please use -XX:HeapBaseMinAddress
#     to set the Java Heap base and to place the Java Heap above 32GB virtual address.
# This output file may be truncated or incomplete.
#
#  Out of Memory Error (os_windows.cpp:3550), pid=11632, tid=13528
#
# JRE version:  (17.0.8+9) (build )
# Java VM: Java HotSpot(TM) 64-Bit Server VM (17.0.8+9-LTS-211, mixed mode, emulated-client, sharing, tiered, compressed oops, compressed class ptrs, g1 gc, windows-amd64)
# No core dump will be written. Minidumps are not enabled by default on client versions of Windows
#

---------------  S U M M A R Y ------------

Command Line: -XX:TieredStopAtLevel=1 -Dspring.output.ansi.enabled=always -Dcom.sun.management.jmxremote -Dspring.jmx.enabled=true -Dspring.liveBeansView.mbeanDomain -Dspring.application.admin.enabled=true -Dmanagement.endpoints.jmx.exposure.include=* -javaagent:C:\Dev\Spring\IntelliJIDEA\lib\idea_rt.jar=4000:C:\Dev\Spring\IntelliJIDEA\bin -Dfile.encoding=UTF-8 ru.apmgor.productservice.ProductServiceApp

Host: Intel(R) Core(TM) i5-6600K CPU @ 3.50GHz, 4 cores, 15G,  Windows 11 , 64 bit Build 22621 (10.0.22621.2428)
Time: Sat Oct 21 04:03:11 2023 RTZ 2 (s 11 , 64 bit Build 22621 (10.0.22621.2428) elapsed time: 0.015366 seconds (0d 0h 0m 0s)

---------------  T H R E A D  ---------------

Current thread (0x0000025cf8390e60):  JavaThread "Unknown thread" [_thread_in_vm, id=13528, stack(0x0000008d0b400000,0x0000008d0b500000)]

Stack: [0x0000008d0b400000,0x0000008d0b500000]
Native frames: (J=compiled Java code, j=interpreted, Vv=VM code, C=native code)
V  [jvm.dll+0x677d0a]
V  [jvm.dll+0x7d8c54]
V  [jvm.dll+0x7da3fe]
V  [jvm.dll+0x7daa63]
V  [jvm.dll+0x245c5f]
V  [jvm.dll+0x674bb9]
V  [jvm.dll+0x6694f2]
V  [jvm.dll+0x3031d6]
V  [jvm.dll+0x30a756]
V  [jvm.dll+0x359f9e]
V  [jvm.dll+0x35a1cf]
V  [jvm.dll+0x2da3e8]
V  [jvm.dll+0x2db354]
V  [jvm.dll+0x7aa711]
V  [jvm.dll+0x367b51]
V  [jvm.dll+0x789979]
V  [jvm.dll+0x3eb05f]
V  [jvm.dll+0x3ecae1]
C  [jli.dll+0x5297]
C  [ucrtbase.dll+0x29363]
C  [KERNEL32.DLL+0x1257d]
C  [ntdll.dll+0x5aa78]


---------------  P R O C E S S  ---------------

Threads class SMR info:
_java_thread_list=0x00007ffe2c1d59d8, length=0, elements={
}

Java Threads: ( => current thread )

Other Threads:
  0x0000025cf83fe710 GCTaskThread "GC Thread#0" [stack: 0x0000008d0b500000,0x0000008d0b600000] [id=14484]
  0x0000025cf840f560 ConcurrentGCThread "G1 Main Marker" [stack: 0x0000008d0b600000,0x0000008d0b700000] [id=284]
  0x0000025cf8410710 ConcurrentGCThread "G1 Conc#0" [stack: 0x0000008d0b700000,0x0000008d0b800000] [id=8284]

[error occurred during error reporting (printing all threads), id 0xc0000005, EXCEPTION_ACCESS_VIOLATION (0xc0000005) at pc=0x00007ffe2ba0b047]

VM state: not at safepoint (not fully initialized)

VM Mutex/Monitor currently owned by a thread:  ([mutex/lock_event])
[0x0000025cf838eae0] Heap_lock - owner thread: 0x0000025cf8390e60

Heap address: 0x0000000700e00000, size: 4082 MB, Compressed Oops mode: Zero based, Oop shift amount: 3

CDS archive(s) mapped at: [0x0000000000000000-0x0000000000000000-0x0000000000000000), size 0, SharedBaseAddress: 0x0000000800000000, ArchiveRelocationMode: 1.
Narrow klass base: 0x0000000000000000, Narrow klass shift: 0, Narrow klass range: 0x0

GC Precious Log:
<Empty>

Heap:
 garbage-first heap   total 0K, used 0K [0x0000000700e00000, 0x0000000800000000)
  region size 2048K, 0 young (0K), 0 survivors (0K)

[error occurred during error reporting (printing heap information), id 0xc0000005, EXCEPTION_ACCESS_VIOLATION (0xc0000005) at pc=0x00007ffe2bdf1499]

GC Heap History (0 events):
No events

Deoptimization events (0 events):
No events

Classes unloaded (0 events):
No events

Classes redefined (0 events):
No events

Internal exceptions (0 events):
No events

VM Operations (0 events):
No events

Events (1 events):
Event: 0.011 Loaded shared library C:\Program Files\Java\jdk-17\bin\java.dll


Dynamic libraries:
0x00007ff73b700000 - 0x00007ff73b710000 	C:\Program Files\Java\jdk-17\bin\java.exe
0x00007ffe67650000 - 0x00007ffe67867000 	C:\Windows\SYSTEM32\ntdll.dll
0x00007ffe662f0000 - 0x00007ffe663b4000 	C:\Windows\System32\KERNEL32.DLL
0x00007ffe64d90000 - 0x00007ffe65136000 	C:\Windows\System32\KERNELBASE.dll
0x00007ffe65140000 - 0x00007ffe65251000 	C:\Windows\System32\ucrtbase.dll
0x00007ffe590a0000 - 0x00007ffe590b9000 	C:\Program Files\Java\jdk-17\bin\jli.dll
0x00007ffe56fa0000 - 0x00007ffe56fbb000 	C:\Program Files\Java\jdk-17\bin\VCRUNTIME140.dll
0x00007ffe66240000 - 0x00007ffe662f0000 	C:\Windows\System32\ADVAPI32.dll
0x00007ffe653b0000 - 0x00007ffe65457000 	C:\Windows\System32\msvcrt.dll
0x00007ffe670f0000 - 0x00007ffe67196000 	C:\Windows\System32\sechost.dll
0x00007ffe66440000 - 0x00007ffe66557000 	C:\Windows\System32\RPCRT4.dll
0x00007ffe66560000 - 0x00007ffe6670d000 	C:\Windows\System32\USER32.dll
0x00007ffe65260000 - 0x00007ffe65286000 	C:\Windows\System32\win32u.dll
0x00007ffe66710000 - 0x00007ffe66739000 	C:\Windows\System32\GDI32.dll
0x00007ffe64a40000 - 0x00007ffe64b58000 	C:\Windows\System32\gdi32full.dll
0x00007ffe65290000 - 0x00007ffe6532a000 	C:\Windows\System32\msvcp_win.dll
0x00007ffe45200000 - 0x00007ffe45493000 	C:\Windows\WinSxS\amd64_microsoft.windows.common-controls_6595b64144ccf1df_6.0.22621.2361_none_2712ced57382f843\COMCTL32.dll
0x00007ffe5f390000 - 0x00007ffe5f39a000 	C:\Windows\SYSTEM32\VERSION.dll
0x00007ffe65460000 - 0x00007ffe65491000 	C:\Windows\System32\IMM32.DLL
0x00007ffe56f90000 - 0x00007ffe56f9c000 	C:\Program Files\Java\jdk-17\bin\vcruntime140_1.dll
0x00007ffe55210000 - 0x00007ffe5529e000 	C:\Program Files\Java\jdk-17\bin\msvcp140.dll
0x00007ffe2b720000 - 0x00007ffe2c2fe000 	C:\Program Files\Java\jdk-17\bin\server\jvm.dll
0x00007ffe66230000 - 0x00007ffe66238000 	C:\Windows\System32\PSAPI.DLL
0x00007ffe5efb0000 - 0x00007ffe5efe4000 	C:\Windows\SYSTEM32\WINMM.dll
0x00007ffe61d00000 - 0x00007ffe61d09000 	C:\Windows\SYSTEM32\WSOCK32.dll
0x00007ffe66fa0000 - 0x00007ffe67011000 	C:\Windows\System32\WS2_32.dll
0x00007ffe63970000 - 0x00007ffe63988000 	C:\Windows\SYSTEM32\kernel.appcore.dll
0x00007ffe56f60000 - 0x00007ffe56f6a000 	C:\Program Files\Java\jdk-17\bin\jimage.dll
0x00007ffe5dca0000 - 0x00007ffe5dece000 	C:\Windows\SYSTEM32\DBGHELP.DLL
0x00007ffe671a0000 - 0x00007ffe6752a000 	C:\Windows\System32\combase.dll
0x00007ffe65ec0000 - 0x00007ffe65f97000 	C:\Windows\System32\OLEAUT32.dll
0x00007ffe5d8f0000 - 0x00007ffe5d922000 	C:\Windows\SYSTEM32\dbgcore.DLL
0x00007ffe65330000 - 0x00007ffe653aa000 	C:\Windows\System32\bcryptPrimitives.dll
0x00007ffe56f50000 - 0x00007ffe56f5e000 	C:\Program Files\Java\jdk-17\bin\instrument.dll
0x00007ffe56720000 - 0x00007ffe56745000 	C:\Program Files\Java\jdk-17\bin\java.dll

dbghelp: loaded successfully - version: 4.0.5 - missing functions: none
symbol engine: initialized successfully - sym options: 0x614 - pdb path: .;C:\Program Files\Java\jdk-17\bin;C:\Windows\SYSTEM32;C:\Windows\WinSxS\amd64_microsoft.windows.common-controls_6595b64144ccf1df_6.0.22621.2361_none_2712ced57382f843;C:\Program Files\Java\jdk-17\bin\server

VM Arguments:
jvm_args: -XX:TieredStopAtLevel=1 -Dspring.output.ansi.enabled=always -Dcom.sun.management.jmxremote -Dspring.jmx.enabled=true -Dspring.liveBeansView.mbeanDomain -Dspring.application.admin.enabled=true -Dmanagement.endpoints.jmx.exposure.include=* -javaagent:C:\Dev\Spring\IntelliJIDEA\lib\idea_rt.jar=4000:C:\Dev\Spring\IntelliJIDEA\bin -Dfile.encoding=UTF-8 
java_command: ru.apmgor.productservice.ProductServiceApp
java_class_path (initial): C:\Dev\Spring\CommonProject\analytic-app\product-service\build\classes\java\main;C:\Dev\Spring\CommonProject\analytic-app\product-service\build\resources\main;C:\Users\artur\.gradle\caches\modules-2\files-2.1\org.projectlombok\lombok\1.18.30\f195ee86e6c896ea47a1d39defbe20eb59cd149d\lombok-1.18.30.jar;C:\Dev\Spring\CommonProject\analytic-app\common\build\classes\java\main;C:\Users\artur\.gradle\caches\modules-2\files-2.1\org.springframework.boot\spring-boot-starter-data-r2dbc\3.1.5\5e841094cc7c947611c827641e018d4c836d8d1f\spring-boot-starter-data-r2dbc-3.1.5.jar;C:\Users\artur\.gradle\caches\modules-2\files-2.1\org.springframework.boot\spring-boot-starter-webflux\3.1.5\705d73f0e0a172faeaecab668d2363802ddd6177\spring-boot-starter-webflux-3.1.5.jar;C:\Users\artur\.gradle\caches\modules-2\files-2.1\org.springframework.kafka\spring-kafka\3.0.12\76ebc8e91a9319804b7ff0f3dbbdb38b23d593a9\spring-kafka-3.0.12.jar;C:\Users\artur\.gradle\caches\modules-2\files-2.1\io.projectreactor.kafka\reactor-kafka\1.3.21\58ca02bbff289d6127d72ac1660e06c14b795e6d\reactor-kafka-1.3.21.jar;C:\Users\artur\.gradle\caches\modules-2\files-2.1\org.springframework.boot\spring-boot-starter\3.1.5\a14cd17b86261933929566775d80c65b9f7440fc\spring-boot-starter-3.1.5.jar;C:\Users\artur\.gradle\caches\modules-2\files-2.1\org.springframework.data\spring-data-r2dbc\3.1.5\4ebe9c183bb7a2eba1d074127e884b5be3b6ba67\spring-data-r2dbc-3.1.5.jar;C:\Users\artur\.gradle\caches\modules-2\files-2.1\io.r2dbc\r2dbc-pool\1.0.1.RELEASE\41ec552a21fc0884dfb85335bd3f4c757a269ab1\r2dbc-pool-1.0.1.RELEASE.jar;C:\Users\artur\.gradle\caches\modules-2\files-2.1\io.r2dbc\r2dbc-spi\1.0.0.RELEASE\e3d15b2d27fdb8fdb76a181b21d5c752adf1d165\r2dbc-spi-1.0.0.RELEASE.jar;C:\Users\artur\.gradle\caches\modules-2\files-2.1\org.springframework.boot\spring-boot-starter-json\3.1.5\36ce79c1a5c63ffd72b092eb312cb35ac6edb128\spring-boot-starter-json-3.1.5.jar;C:\Users\artur\.gradle\caches\modules-2\files-2.1\org.springframe
Launcher Type: SUN_STANDARD

[Global flags]
     intx CICompilerCount                          = 3                                         {product} {ergonomic}
     uint ConcGCThreads                            = 1                                         {product} {ergonomic}
     uint G1ConcRefinementThreads                  = 4                                         {product} {ergonomic}
   size_t G1HeapRegionSize                         = 2097152                                   {product} {ergonomic}
    uintx GCDrainStackTargetSize                   = 64                                        {product} {ergonomic}
   size_t InitialHeapSize                          = 268435456                                 {product} {ergonomic}
     bool ManagementServer                         = true                                      {product} {command line}
   size_t MarkStackSize                            = 4194304                                   {product} {ergonomic}
   size_t MaxHeapSize                              = 4280287232                                {product} {ergonomic}
   size_t MinHeapDeltaBytes                        = 2097152                                   {product} {ergonomic}
   size_t MinHeapSize                              = 8388608                                   {product} {ergonomic}
    uintx NonProfiledCodeHeapSize                  = 0                                      {pd product} {ergonomic}
     bool ProfileInterpreter                       = false                                  {pd product} {command line}
    uintx ProfiledCodeHeapSize                     = 0                                      {pd product} {ergonomic}
   size_t SoftMaxHeapSize                          = 4280287232                             {manageable} {ergonomic}
     intx TieredStopAtLevel                        = 1                                         {product} {command line}
     bool UseCompressedClassPointers               = true                           {product lp64_product} {ergonomic}
     bool UseCompressedOops                        = true                           {product lp64_product} {ergonomic}
     bool UseG1GC                                  = true                                      {product} {ergonomic}
     bool UseLargePagesIndividualAllocation        = false                                  {pd product} {ergonomic}

Logging:
Log output configuration:
 #0: stdout all=warning uptime,level,tags
 #1: stderr all=off uptime,level,tags

Environment Variables:
JAVA_HOME=C:\Program Files\Java\jdk-17
PATH=C:\Program Files (x86)\Common Files\Intel\Shared Libraries\redist\intel64\compiler;C:\Windows\system32;C:\Windows;C:\Windows\System32\Wbem;C:\Windows\System32\WindowsPowerShell\v1.0\;C:\Windows\System32\OpenSSH\;C:\Program Files (x86)\NVIDIA Corporation\PhysX\Common;C:\Program Files\Git\cmd;C:\Program Files\Docker\Docker\resources\bin;C:\Dev\Android\SDK\platform-tools;C:\Dev\Flutter\flutter-sdk\bin
USERNAME=artur
OS=Windows_NT
PROCESSOR_IDENTIFIER=Intel64 Family 6 Model 94 Stepping 3, GenuineIntel



---------------  S Y S T E M  ---------------

OS:
 Windows 11 , 64 bit Build 22621 (10.0.22621.2428)
OS uptime: 0 days 3:02 hours
Hyper-V role detected

CPU: total 4 (initial active 4) (4 cores per cpu, 1 threads per core) family 6 model 94 stepping 3 microcode 0xd6, cx8, cmov, fxsr, mmx, 3dnowpref, sse, sse2, sse3, ssse3, sse4.1, sse4.2, popcnt, lzcnt, tsc, tscinvbit, avx, avx2, aes, erms, clmul, bmi1, bmi2, rtm, adx, fma, vzeroupper, clflush, clflushopt, hv

Memory: 4k page, system-wide physical 16321M (3322M free)
TotalPageFile size 19257M (AvailPageFile size 242M)
current process WorkingSet (physical memory assigned to process): 11M, peak: 11M
current process commit charge ("private bytes"): 47M, peak: 303M

vm_info: Java HotSpot(TM) 64-Bit Server VM (17.0.8+9-LTS-211) for windows-amd64 JRE (17.0.8+9-LTS-211), built on Jun 14 2023 10:34:31 by "mach5one" with MS VC++ 17.1 (VS2022)

END.
